DEBUG 2021-06-04 14:59:00,556 Inventory_WebApp.DatabaseInterface.DBOps - Database Read: ..\\db\\sample_inventory.db 
ERROR 2021-06-04 14:59:05,861 Inventory_WebApp.DatabaseInterface.DBOps - Database Error in DBOps.GetInventoryColumns:   
System.ArgumentException: Invalid ConnectionString format for part "..\db\sample_inventory.db", no equal sign found
   at System.Data.SQLite.SQLiteConnection.ParseConnectionString(SQLiteConnection connection, String connectionString, Boolean allowNameOnly)
   at System.Data.SQLite.SQLiteConnection.ParseConnectionString(SQLiteConnection connection, String connectionString, Boolean parseViaFramework, Boolean allowNameOnly)
   at System.Data.SQLite.SQLiteConnection.Open()
   at System.Data.Common.DbDataAdapter.FillInternal(DataSet dataset, DataTable[] datatables, Int32 startRecord, Int32 maxRecords, String srcTable, IDbCommand command, CommandBehavior behavior)
   at System.Data.Common.DbDataAdapter.Fill(DataSet dataSet, Int32 startRecord, Int32 maxRecords, String srcTable, IDbCommand command, CommandBehavior behavior)
   at System.Data.Common.DbDataAdapter.Fill(DataSet dataSet)
   at Inventory_WebApp.DatabaseInterface.DBOps.GetInventoryColumns() in C:\Users\Sanke\source\repos\Inventory_WebApp\Inventory_WebApp\DatabaseInterface\DBOps2.cs:line 330
DEBUG 2021-06-04 14:59:08,073 Inventory_WebApp.DatabaseInterface.DBOps - Database Read: ..\\db\\sample_inventory.db 
ERROR 2021-06-04 14:59:08,092 Inventory_WebApp.DatabaseInterface.DBOps - Database Error in DBOps.GetLabs::   
System.ArgumentException: Invalid ConnectionString format for part "..\db\sample_inventory.db", no equal sign found
   at System.Data.SQLite.SQLiteConnection.ParseConnectionString(SQLiteConnection connection, String connectionString, Boolean allowNameOnly)
   at System.Data.SQLite.SQLiteConnection.ParseConnectionString(SQLiteConnection connection, String connectionString, Boolean parseViaFramework, Boolean allowNameOnly)
   at System.Data.SQLite.SQLiteConnection.Open()
   at System.Data.Common.DbDataAdapter.FillInternal(DataSet dataset, DataTable[] datatables, Int32 startRecord, Int32 maxRecords, String srcTable, IDbCommand command, CommandBehavior behavior)
   at System.Data.Common.DbDataAdapter.Fill(DataSet dataSet, Int32 startRecord, Int32 maxRecords, String srcTable, IDbCommand command, CommandBehavior behavior)
   at System.Data.Common.DbDataAdapter.Fill(DataSet dataSet)
   at Inventory_WebApp.DatabaseInterface.DBOps.GetLabs() in C:\Users\Sanke\source\repos\Inventory_WebApp\Inventory_WebApp\DatabaseInterface\DBOps2.cs:line 819
DEBUG 2021-06-04 14:59:08,906 Inventory_WebApp.DatabaseInterface.DBOps - Database Read: ..\\db\\sample_inventory.db 
ERROR 2021-06-04 14:59:08,923 Inventory_WebApp.DatabaseInterface.DBOps - Database Error in DBOps.GetItems:   
System.ArgumentException: Invalid ConnectionString format for part "..\db\sample_inventory.db", no equal sign found
   at System.Data.SQLite.SQLiteConnection.ParseConnectionString(SQLiteConnection connection, String connectionString, Boolean allowNameOnly)
   at System.Data.SQLite.SQLiteConnection.ParseConnectionString(SQLiteConnection connection, String connectionString, Boolean parseViaFramework, Boolean allowNameOnly)
   at System.Data.SQLite.SQLiteConnection.Open()
   at System.Data.Common.DbDataAdapter.FillInternal(DataSet dataset, DataTable[] datatables, Int32 startRecord, Int32 maxRecords, String srcTable, IDbCommand command, CommandBehavior behavior)
   at System.Data.Common.DbDataAdapter.Fill(DataSet dataSet, Int32 startRecord, Int32 maxRecords, String srcTable, IDbCommand command, CommandBehavior behavior)
   at System.Data.Common.DbDataAdapter.Fill(DataSet dataSet)
   at Inventory_WebApp.DatabaseInterface.DBOps.GetItems() in C:\Users\Sanke\source\repos\Inventory_WebApp\Inventory_WebApp\DatabaseInterface\DBOps2.cs:line 523
DEBUG 2021-06-04 14:59:09,317 Inventory_WebApp.DatabaseInterface.DBOps - Database Read: ..\\db\\sample_inventory.db 
ERROR 2021-06-04 14:59:09,342 Inventory_WebApp.DatabaseInterface.DBOps - Database Error in DBOps.GetCategories:   
System.ArgumentException: Invalid ConnectionString format for part "..\db\sample_inventory.db", no equal sign found
   at System.Data.SQLite.SQLiteConnection.ParseConnectionString(SQLiteConnection connection, String connectionString, Boolean allowNameOnly)
   at System.Data.SQLite.SQLiteConnection.ParseConnectionString(SQLiteConnection connection, String connectionString, Boolean parseViaFramework, Boolean allowNameOnly)
   at System.Data.SQLite.SQLiteConnection.Open()
   at System.Data.Common.DbDataAdapter.FillInternal(DataSet dataset, DataTable[] datatables, Int32 startRecord, Int32 maxRecords, String srcTable, IDbCommand command, CommandBehavior behavior)
   at System.Data.Common.DbDataAdapter.Fill(DataSet dataSet, Int32 startRecord, Int32 maxRecords, String srcTable, IDbCommand command, CommandBehavior behavior)
   at System.Data.Common.DbDataAdapter.Fill(DataSet dataSet)
   at Inventory_WebApp.DatabaseInterface.DBOps.GetCategories() in C:\Users\Sanke\source\repos\Inventory_WebApp\Inventory_WebApp\DatabaseInterface\DBOps2.cs:line 855
DEBUG 2021-06-04 14:59:09,730 Inventory_WebApp.DatabaseInterface.DBOps - Database Read: ..\\db\\sample_inventory.db 
ERROR 2021-06-04 14:59:09,745 Inventory_WebApp.DatabaseInterface.DBOps - Database Error in DBOps.ReadInventoryTable:   
System.ArgumentException: Invalid ConnectionString format for part "..\db\sample_inventory.db", no equal sign found
   at System.Data.SQLite.SQLiteConnection.ParseConnectionString(SQLiteConnection connection, String connectionString, Boolean allowNameOnly)
   at System.Data.SQLite.SQLiteConnection.ParseConnectionString(SQLiteConnection connection, String connectionString, Boolean parseViaFramework, Boolean allowNameOnly)
   at System.Data.SQLite.SQLiteConnection.Open()
   at System.Data.Common.DbDataAdapter.FillInternal(DataSet dataset, DataTable[] datatables, Int32 startRecord, Int32 maxRecords, String srcTable, IDbCommand command, CommandBehavior behavior)
   at System.Data.Common.DbDataAdapter.Fill(DataSet dataSet, Int32 startRecord, Int32 maxRecords, String srcTable, IDbCommand command, CommandBehavior behavior)
   at System.Data.Common.DbDataAdapter.Fill(DataSet dataSet)
   at Inventory_WebApp.DatabaseInterface.DBOps.ReadInventoryTable() in C:\Users\Sanke\source\repos\Inventory_WebApp\Inventory_WebApp\DatabaseInterface\DBOps2.cs:line 307
DEBUG 2021-06-04 14:59:49,342 Inventory_WebApp.DatabaseInterface.DBOps - Database Read: ..\\db\\sample_inventory.db 
ERROR 2021-06-04 14:59:49,356 Inventory_WebApp.DatabaseInterface.DBOps - Database Error in DBOps.GetInventoryColumns:   
System.ArgumentException: Invalid ConnectionString format for part "..\db\sample_inventory.db", no equal sign found
   at System.Data.SQLite.SQLiteConnection.ParseConnectionString(SQLiteConnection connection, String connectionString, Boolean allowNameOnly)
   at System.Data.SQLite.SQLiteConnection.ParseConnectionString(SQLiteConnection connection, String connectionString, Boolean parseViaFramework, Boolean allowNameOnly)
   at System.Data.SQLite.SQLiteConnection.Open()
   at System.Data.Common.DbDataAdapter.FillInternal(DataSet dataset, DataTable[] datatables, Int32 startRecord, Int32 maxRecords, String srcTable, IDbCommand command, CommandBehavior behavior)
   at System.Data.Common.DbDataAdapter.Fill(DataSet dataSet, Int32 startRecord, Int32 maxRecords, String srcTable, IDbCommand command, CommandBehavior behavior)
   at System.Data.Common.DbDataAdapter.Fill(DataSet dataSet)
   at Inventory_WebApp.DatabaseInterface.DBOps.GetInventoryColumns() in C:\Users\Sanke\source\repos\Inventory_WebApp\Inventory_WebApp\DatabaseInterface\DBOps2.cs:line 330
DEBUG 2021-06-04 14:59:49,939 Inventory_WebApp.DatabaseInterface.DBOps - Database Read: ..\\db\\sample_inventory.db 
ERROR 2021-06-04 15:00:55,496 Inventory_WebApp.DatabaseInterface.DBOps - Database Error in DBOps.GetLabs::   
System.ArgumentException: Invalid ConnectionString format for part "..\db\sample_inventory.db", no equal sign found
   at System.Data.SQLite.SQLiteConnection.ParseConnectionString(SQLiteConnection connection, String connectionString, Boolean allowNameOnly)
   at System.Data.SQLite.SQLiteConnection.ParseConnectionString(SQLiteConnection connection, String connectionString, Boolean parseViaFramework, Boolean allowNameOnly)
   at System.Data.SQLite.SQLiteConnection.Open()
   at System.Data.Common.DbDataAdapter.FillInternal(DataSet dataset, DataTable[] datatables, Int32 startRecord, Int32 maxRecords, String srcTable, IDbCommand command, CommandBehavior behavior)
   at System.Data.Common.DbDataAdapter.Fill(DataSet dataSet, Int32 startRecord, Int32 maxRecords, String srcTable, IDbCommand command, CommandBehavior behavior)
   at System.Data.Common.DbDataAdapter.Fill(DataSet dataSet)
   at Inventory_WebApp.DatabaseInterface.DBOps.GetLabs()
DEBUG 2021-06-04 15:01:00,669 Inventory_WebApp.DatabaseInterface.DBOps - Database Read: ..\\db\\sample_inventory.db 
DEBUG 2021-06-04 15:03:25,362 Inventory_WebApp.DatabaseInterface.DBOps - Database Read: \db\sample_inventory.db 
DEBUG 2021-06-04 15:03:46,038 Inventory_WebApp.DatabaseInterface.DBOps - Database Read: \db\sample_inventory.db 
DEBUG 2021-06-04 15:05:45,438 Inventory_WebApp.DatabaseInterface.DBOps - Database Read: \db\ETSinventory.db 
ERROR 2021-06-04 15:05:52,821 Inventory_WebApp.DatabaseInterface.DBOps - Database Error in DBOps.GetInventoryColumns:   
code = CantOpen (14), message = System.Data.SQLite.SQLiteException (0x800007FF): unable to open database file
   at System.Data.SQLite.SQLite3.Open(String strFilename, String vfsName, SQLiteConnectionFlags connectionFlags, SQLiteOpenFlagsEnum openFlags, Int32 maxPoolSize, Boolean usePool)
   at System.Data.SQLite.SQLiteConnection.Open()
   at System.Data.Common.DbDataAdapter.FillInternal(DataSet dataset, DataTable[] datatables, Int32 startRecord, Int32 maxRecords, String srcTable, IDbCommand command, CommandBehavior behavior)
   at System.Data.Common.DbDataAdapter.Fill(DataSet dataSet, Int32 startRecord, Int32 maxRecords, String srcTable, IDbCommand command, CommandBehavior behavior)
   at System.Data.Common.DbDataAdapter.Fill(DataSet dataSet)
   at Inventory_WebApp.DatabaseInterface.DBOps.GetInventoryColumns() in C:\Users\Sanke\source\repos\Inventory_WebApp\Inventory_WebApp\DatabaseInterface\DBOps2.cs:line 330
DEBUG 2021-06-04 15:09:48,785 Inventory_WebApp.DatabaseInterface.DBOps - Database Read: \db\ETSinventory.db 
ERROR 2021-06-04 15:09:48,898 Inventory_WebApp.DatabaseInterface.DBOps - Database Error in DBOps.GetInventoryColumns:   
code = CantOpen (14), message = System.Data.SQLite.SQLiteException (0x800007FF): unable to open database file
   at System.Data.SQLite.SQLite3.Open(String strFilename, String vfsName, SQLiteConnectionFlags connectionFlags, SQLiteOpenFlagsEnum openFlags, Int32 maxPoolSize, Boolean usePool)
   at System.Data.SQLite.SQLiteConnection.Open()
   at System.Data.Common.DbDataAdapter.FillInternal(DataSet dataset, DataTable[] datatables, Int32 startRecord, Int32 maxRecords, String srcTable, IDbCommand command, CommandBehavior behavior)
   at System.Data.Common.DbDataAdapter.Fill(DataSet dataSet, Int32 startRecord, Int32 maxRecords, String srcTable, IDbCommand command, CommandBehavior behavior)
   at System.Data.Common.DbDataAdapter.Fill(DataSet dataSet)
   at Inventory_WebApp.DatabaseInterface.DBOps.GetInventoryColumns() in C:\Users\Sanke\source\repos\Inventory_WebApp\Inventory_WebApp\DatabaseInterface\DBOps2.cs:line 330
DEBUG 2021-06-04 15:09:48,919 Inventory_WebApp.DatabaseInterface.DBOps - Database Read: \db\ETSinventory.db 
DEBUG 2021-06-04 15:11:04,434 Inventory_WebApp.DatabaseInterface.DBOps - Database Read: \db\ETSinventory.db 
ERROR 2021-06-04 15:11:04,556 Inventory_WebApp.DatabaseInterface.DBOps - Database Error in DBOps.GetInventoryColumns:   
code = CantOpen (14), message = System.Data.SQLite.SQLiteException (0x800007FF): unable to open database file
   at System.Data.SQLite.SQLite3.Open(String strFilename, String vfsName, SQLiteConnectionFlags connectionFlags, SQLiteOpenFlagsEnum openFlags, Int32 maxPoolSize, Boolean usePool)
   at System.Data.SQLite.SQLiteConnection.Open()
   at System.Data.Common.DbDataAdapter.FillInternal(DataSet dataset, DataTable[] datatables, Int32 startRecord, Int32 maxRecords, String srcTable, IDbCommand command, CommandBehavior behavior)
   at System.Data.Common.DbDataAdapter.Fill(DataSet dataSet, Int32 startRecord, Int32 maxRecords, String srcTable, IDbCommand command, CommandBehavior behavior)
   at System.Data.Common.DbDataAdapter.Fill(DataSet dataSet)
   at Inventory_WebApp.DatabaseInterface.DBOps.GetInventoryColumns() in C:\Users\Sanke\source\repos\Inventory_WebApp\Inventory_WebApp\DatabaseInterface\DBOps2.cs:line 330
DEBUG 2021-06-04 15:11:04,572 Inventory_WebApp.DatabaseInterface.DBOps - Database Read: \db\ETSinventory.db 
